{
  "stats": {
    "suites": 1,
    "tests": 2,
    "passes": 1,
    "pending": 0,
    "failures": 1,
    "start": "2024-07-03T04:13:11.141Z",
    "end": "2024-07-03T04:13:45.343Z",
    "duration": 34202,
    "testsRegistered": 2,
    "passPercent": 50,
    "pendingPercent": 0,
    "other": 0,
    "hasOther": false,
    "skipped": 0,
    "hasSkipped": false
  },
  "results": [
    {
      "uuid": "45daab64-eb17-4e64-94aa-14e0788348a7",
      "title": "",
      "fullFile": "cypress/e2e/login.cy.js",
      "file": "cypress/e2e/login.cy.js",
      "beforeHooks": [],
      "afterHooks": [],
      "tests": [],
      "suites": [
        {
          "uuid": "0e13db68-d609-4470-a641-5c17371e7e09",
          "title": "template spec",
          "fullFile": "",
          "file": "",
          "beforeHooks": [],
          "afterHooks": [],
          "tests": [
            {
              "title": "Login User with InValid Username and Password",
              "fullTitle": "template spec Login User with InValid Username and Password",
              "timedOut": null,
              "duration": 7384,
              "state": "failed",
              "speed": null,
              "pass": false,
              "fail": true,
              "pending": false,
              "context": null,
              "code": "const loginPage = new _loginPage.default();\nloginPage.visit();\n// cy.visit('https://guneet.pythonanywhere.com')\nthis.data.forEach(element => {\n  loginPage.fillUsername(element.UserName);\n  loginPage.fillPassword(\"India@123\");\n  loginPage.submit();\n  // cy.get(\"#username\").type(element.UserName)\n  // cy.get(\"#password\").type(\"India@123\")\n  // cy.get('input[type=\"submit\"]').click()\n  cy.get(\"p[class='error']\").contains(\"Invalid username or password.\");\n});",
              "err": {
                "message": "AssertionError: Timed out retrying after 4000ms: Expected to find element: `#username`, but never found it.",
                "estack": "AssertionError: Timed out retrying after 4000ms: Expected to find element: `#username`, but never found it.\n    at LoginPage.fillUsername (webpack://cypress_automation/./cypress/support/page_object/loginPage.js:9:7)\n    at eval (webpack://cypress_automation/./cypress/e2e/login.cy.js:23:14)\n    at Context.eval (webpack://cypress_automation/./cypress/e2e/login.cy.js:20:12)",
                "diff": null
              },
              "uuid": "c19eab58-9a4c-454c-82d8-aa3a8f67eae8",
              "parentUUID": "0e13db68-d609-4470-a641-5c17371e7e09",
              "isHook": false,
              "skipped": false
            },
            {
              "title": "Login User with Valid Username and Password",
              "fullTitle": "template spec Login User with Valid Username and Password",
              "timedOut": null,
              "duration": 8696,
              "state": "passed",
              "speed": "medium",
              "pass": true,
              "fail": false,
              "pending": false,
              "context": null,
              "code": "cy.visit('https://guneet.pythonanywhere.com');\ncy.get(\"#username\").type(\"Malathi\");\ncy.get(\"#password\").type(\"Malathi@123\");\ncy.get('input[type=\"submit\"]').click();\ncy.title().should('eq', \"GitHub Open Source Projects\");",
              "err": {},
              "uuid": "28217706-ff58-4fe8-b55e-985b428360cc",
              "parentUUID": "0e13db68-d609-4470-a641-5c17371e7e09",
              "isHook": false,
              "skipped": false
            }
          ],
          "suites": [],
          "passes": [
            "28217706-ff58-4fe8-b55e-985b428360cc"
          ],
          "failures": [
            "c19eab58-9a4c-454c-82d8-aa3a8f67eae8"
          ],
          "pending": [],
          "skipped": [],
          "duration": 16080,
          "root": false,
          "rootEmpty": false,
          "_timeout": 2000
        }
      ],
      "passes": [],
      "failures": [],
      "pending": [],
      "skipped": [],
      "duration": 0,
      "root": true,
      "rootEmpty": true,
      "_timeout": 2000
    }
  ],
  "meta": {
    "mocha": {
      "version": "7.0.1"
    },
    "mochawesome": {
      "options": {
        "quiet": true,
        "reportFilename": "mochawesome",
        "saveHtml": false,
        "saveJson": true,
        "consoleReporter": "spec",
        "useInlineDiffs": false,
        "code": true
      },
      "version": "7.1.3"
    },
    "marge": {
      "options": {
        "id": "default",
        "reportDir": "cypress/reports/mocha",
        "quiet": true,
        "overwrite": false,
        "html": false,
        "json": true
      },
      "version": "6.2.0"
    }
  }
}