{
  "stats": {
    "suites": 1,
    "tests": 2,
    "passes": 2,
    "pending": 0,
    "failures": 0,
    "start": "2024-06-14T14:33:24.784Z",
    "end": "2024-06-14T14:33:48.269Z",
    "duration": 23485,
    "testsRegistered": 2,
    "passPercent": 100,
    "pendingPercent": 0,
    "other": 0,
    "hasOther": false,
    "skipped": 0,
    "hasSkipped": false
  },
  "results": [
    {
      "uuid": "2b4fb75c-9277-4df3-bfe6-a46838564718",
      "title": "",
      "fullFile": "cypress/e2e/login.cy.js",
      "file": "cypress/e2e/login.cy.js",
      "beforeHooks": [],
      "afterHooks": [],
      "tests": [],
      "suites": [
        {
          "uuid": "b165ce5f-fab2-4894-a819-90ecf8933586",
          "title": "template spec",
          "fullFile": "",
          "file": "",
          "beforeHooks": [],
          "afterHooks": [],
          "tests": [
            {
              "title": "Login User with InValid Username and Password",
              "fullTitle": "template spec Login User with InValid Username and Password",
              "timedOut": null,
              "duration": 10435,
              "state": "passed",
              "speed": "slow",
              "pass": true,
              "fail": false,
              "pending": false,
              "context": null,
              "code": "cy.visit('https://guneet.pythonanywhere.com');\nthis.data.forEach(element => {\n  cy.get(\"#username\").type(element.UserName);\n  cy.get(\"#password\").type(\"India@123\");\n  cy.get('input[type=\"submit\"]').click();\n  cy.get(\"p[class='error']\").contains(\"Invalid username or password.\");\n});",
              "err": {},
              "uuid": "1ad88ce4-e65c-452a-8d0b-e953c6b230bf",
              "parentUUID": "b165ce5f-fab2-4894-a819-90ecf8933586",
              "isHook": false,
              "skipped": false
            },
            {
              "title": "Login User with Valid Username and Password",
              "fullTitle": "template spec Login User with Valid Username and Password",
              "timedOut": null,
              "duration": 8014,
              "state": "passed",
              "speed": "medium",
              "pass": true,
              "fail": false,
              "pending": false,
              "context": null,
              "code": "cy.visit('https://guneet.pythonanywhere.com');\ncy.get(\"#username\").type(\"Malathi\");\ncy.get(\"#password\").type(\"Malathi@123\");\ncy.get('input[type=\"submit\"]').click();\ncy.title().should('eq', \"GitHub Open Source Projects\");",
              "err": {},
              "uuid": "31477f0f-f4aa-4506-aa30-90578742235e",
              "parentUUID": "b165ce5f-fab2-4894-a819-90ecf8933586",
              "isHook": false,
              "skipped": false
            }
          ],
          "suites": [],
          "passes": [
            "1ad88ce4-e65c-452a-8d0b-e953c6b230bf",
            "31477f0f-f4aa-4506-aa30-90578742235e"
          ],
          "failures": [],
          "pending": [],
          "skipped": [],
          "duration": 18449,
          "root": false,
          "rootEmpty": false,
          "_timeout": 2000
        }
      ],
      "passes": [],
      "failures": [],
      "pending": [],
      "skipped": [],
      "duration": 0,
      "root": true,
      "rootEmpty": true,
      "_timeout": 2000
    }
  ],
  "meta": {
    "mocha": {
      "version": "7.0.1"
    },
    "mochawesome": {
      "options": {
        "quiet": false,
        "reportFilename": "mochawesome",
        "saveHtml": true,
        "saveJson": true,
        "consoleReporter": "spec",
        "useInlineDiffs": false,
        "code": true
      },
      "version": "7.1.3"
    },
    "marge": {
      "options": {
        "reportDir": "cypress/results",
        "overwrite": false,
        "html": true,
        "json": true
      },
      "version": "6.2.0"
    }
  }
}